DEBUG (0.000) SELECT @@SQL_AUTO_IS_NULL; args=None
DEBUG (0.000) SELECT @@sql_mode; args=None
DEBUG (0.000) SELECT VERSION(); args=None
DEBUG (0.000) SHOW FULL TABLES; args=None
DEBUG (0.000) SELECT `django_migrations`.`app`, `django_migrations`.`name` FROM `django_migrations`; args=()
DEBUG (0.000) SHOW FULL TABLES; args=None
DEBUG (0.000) SELECT `django_migrations`.`app`, `django_migrations`.`name` FROM `django_migrations`; args=()
DEBUG (0.000) SHOW FULL TABLES; args=None
DEBUG (0.000) SELECT `django_migrations`.`app`, `django_migrations`.`name` FROM `django_migrations`; args=()
DEBUG (0.000) SELECT `django_content_type`.`id`, `django_content_type`.`app_label`, `django_content_type`.`model` FROM `django_content_type` WHERE (`django_content_type`.`app_label` = 'admin' AND `django_content_type`.`model` = 'logentry'); args=('admin', 'logentry')
DEBUG (0.000) SELECT `auth_permission`.`content_type_id`, `auth_permission`.`codename` FROM `auth_permission` INNER JOIN `django_content_type` ON (`auth_permission`.`content_type_id` = `django_content_type`.`id`) WHERE `auth_permission`.`content_type_id` IN (1) ORDER BY `django_content_type`.`app_label` ASC, `django_content_type`.`model` ASC, `auth_permission`.`codename` ASC; args=(1,)
DEBUG (0.000) SELECT `django_content_type`.`id`, `django_content_type`.`app_label`, `django_content_type`.`model` FROM `django_content_type` WHERE `django_content_type`.`app_label` = 'admin'; args=('admin',)
DEBUG (0.000) SELECT `django_content_type`.`id`, `django_content_type`.`app_label`, `django_content_type`.`model` FROM `django_content_type` WHERE (`django_content_type`.`app_label` = 'auth' AND `django_content_type`.`model` = 'user'); args=('auth', 'user')
DEBUG (0.000) SELECT `django_content_type`.`id`, `django_content_type`.`app_label`, `django_content_type`.`model` FROM `django_content_type` WHERE (`django_content_type`.`app_label` = 'auth' AND `django_content_type`.`model` = 'permission'); args=('auth', 'permission')
DEBUG (0.000) SELECT `django_content_type`.`id`, `django_content_type`.`app_label`, `django_content_type`.`model` FROM `django_content_type` WHERE (`django_content_type`.`app_label` = 'auth' AND `django_content_type`.`model` = 'group'); args=('auth', 'group')
DEBUG (0.000) SELECT `auth_permission`.`content_type_id`, `auth_permission`.`codename` FROM `auth_permission` INNER JOIN `django_content_type` ON (`auth_permission`.`content_type_id` = `django_content_type`.`id`) WHERE `auth_permission`.`content_type_id` IN (2, 3, 4) ORDER BY `django_content_type`.`app_label` ASC, `django_content_type`.`model` ASC, `auth_permission`.`codename` ASC; args=(2, 3, 4)
DEBUG (0.000) SELECT `django_content_type`.`id`, `django_content_type`.`app_label`, `django_content_type`.`model` FROM `django_content_type` WHERE `django_content_type`.`app_label` = 'auth'; args=('auth',)
DEBUG (0.000) SELECT `django_content_type`.`id`, `django_content_type`.`app_label`, `django_content_type`.`model` FROM `django_content_type` WHERE (`django_content_type`.`app_label` = 'contenttypes' AND `django_content_type`.`model` = 'contenttype'); args=('contenttypes', 'contenttype')
DEBUG (0.000) SELECT `auth_permission`.`content_type_id`, `auth_permission`.`codename` FROM `auth_permission` INNER JOIN `django_content_type` ON (`auth_permission`.`content_type_id` = `django_content_type`.`id`) WHERE `auth_permission`.`content_type_id` IN (5) ORDER BY `django_content_type`.`app_label` ASC, `django_content_type`.`model` ASC, `auth_permission`.`codename` ASC; args=(5,)
DEBUG (0.016) SELECT `django_content_type`.`id`, `django_content_type`.`app_label`, `django_content_type`.`model` FROM `django_content_type` WHERE `django_content_type`.`app_label` = 'contenttypes'; args=('contenttypes',)
DEBUG (0.000) SELECT `django_content_type`.`id`, `django_content_type`.`app_label`, `django_content_type`.`model` FROM `django_content_type` WHERE (`django_content_type`.`app_label` = 'sessions' AND `django_content_type`.`model` = 'session'); args=('sessions', 'session')
DEBUG (0.000) SELECT `auth_permission`.`content_type_id`, `auth_permission`.`codename` FROM `auth_permission` INNER JOIN `django_content_type` ON (`auth_permission`.`content_type_id` = `django_content_type`.`id`) WHERE `auth_permission`.`content_type_id` IN (6) ORDER BY `django_content_type`.`app_label` ASC, `django_content_type`.`model` ASC, `auth_permission`.`codename` ASC; args=(6,)
DEBUG (0.000) SELECT `django_content_type`.`id`, `django_content_type`.`app_label`, `django_content_type`.`model` FROM `django_content_type` WHERE `django_content_type`.`app_label` = 'sessions'; args=('sessions',)
DEBUG (0.000) SELECT `django_content_type`.`id`, `django_content_type`.`app_label`, `django_content_type`.`model` FROM `django_content_type` WHERE (`django_content_type`.`app_label` = 'registration' AND `django_content_type`.`model` = 'registrationprofile'); args=('registration', 'registrationprofile')
DEBUG (0.000) SELECT `auth_permission`.`content_type_id`, `auth_permission`.`codename` FROM `auth_permission` INNER JOIN `django_content_type` ON (`auth_permission`.`content_type_id` = `django_content_type`.`id`) WHERE `auth_permission`.`content_type_id` IN (10) ORDER BY `django_content_type`.`app_label` ASC, `django_content_type`.`model` ASC, `auth_permission`.`codename` ASC; args=(10,)
DEBUG (0.000) SELECT `django_content_type`.`id`, `django_content_type`.`app_label`, `django_content_type`.`model` FROM `django_content_type` WHERE `django_content_type`.`app_label` = 'registration'; args=('registration',)
DEBUG (0.000) SELECT `django_content_type`.`id`, `django_content_type`.`app_label`, `django_content_type`.`model` FROM `django_content_type` WHERE (`django_content_type`.`app_label` = 'easy_thumbnails' AND `django_content_type`.`model` = 'thumbnaildimensions'); args=('easy_thumbnails', 'thumbnaildimensions')
DEBUG (0.000) SELECT `django_content_type`.`id`, `django_content_type`.`app_label`, `django_content_type`.`model` FROM `django_content_type` WHERE (`django_content_type`.`app_label` = 'easy_thumbnails' AND `django_content_type`.`model` = 'source'); args=('easy_thumbnails', 'source')
DEBUG (0.000) SELECT `django_content_type`.`id`, `django_content_type`.`app_label`, `django_content_type`.`model` FROM `django_content_type` WHERE (`django_content_type`.`app_label` = 'easy_thumbnails' AND `django_content_type`.`model` = 'thumbnail'); args=('easy_thumbnails', 'thumbnail')
DEBUG (0.000) SELECT `auth_permission`.`content_type_id`, `auth_permission`.`codename` FROM `auth_permission` INNER JOIN `django_content_type` ON (`auth_permission`.`content_type_id` = `django_content_type`.`id`) WHERE `auth_permission`.`content_type_id` IN (11, 12, 13) ORDER BY `django_content_type`.`app_label` ASC, `django_content_type`.`model` ASC, `auth_permission`.`codename` ASC; args=(11, 12, 13)
DEBUG (0.000) SELECT `django_content_type`.`id`, `django_content_type`.`app_label`, `django_content_type`.`model` FROM `django_content_type` WHERE `django_content_type`.`app_label` = 'easy_thumbnails'; args=('easy_thumbnails',)
DEBUG (0.000) SELECT `django_content_type`.`id`, `django_content_type`.`app_label`, `django_content_type`.`model` FROM `django_content_type` WHERE (`django_content_type`.`app_label` = 'kombu_transport_django' AND `django_content_type`.`model` = 'queue'); args=('kombu_transport_django', 'queue')
DEBUG (0.000) SELECT `django_content_type`.`id`, `django_content_type`.`app_label`, `django_content_type`.`model` FROM `django_content_type` WHERE (`django_content_type`.`app_label` = 'kombu_transport_django' AND `django_content_type`.`model` = 'message'); args=('kombu_transport_django', 'message')
DEBUG (0.000) SELECT `auth_permission`.`content_type_id`, `auth_permission`.`codename` FROM `auth_permission` INNER JOIN `django_content_type` ON (`auth_permission`.`content_type_id` = `django_content_type`.`id`) WHERE `auth_permission`.`content_type_id` IN (14, 15) ORDER BY `django_content_type`.`app_label` ASC, `django_content_type`.`model` ASC, `auth_permission`.`codename` ASC; args=(14, 15)
DEBUG (0.000) SELECT `django_content_type`.`id`, `django_content_type`.`app_label`, `django_content_type`.`model` FROM `django_content_type` WHERE `django_content_type`.`app_label` = 'kombu_transport_django'; args=('kombu_transport_django',)
DEBUG (0.000) SELECT `django_content_type`.`id`, `django_content_type`.`app_label`, `django_content_type`.`model` FROM `django_content_type` WHERE (`django_content_type`.`app_label` = 'rango' AND `django_content_type`.`model` = 'category'); args=('rango', 'category')
DEBUG (0.000) SELECT `django_content_type`.`id`, `django_content_type`.`app_label`, `django_content_type`.`model` FROM `django_content_type` WHERE (`django_content_type`.`app_label` = 'rango' AND `django_content_type`.`model` = 'userprofile'); args=('rango', 'userprofile')
DEBUG (0.000) SELECT `django_content_type`.`id`, `django_content_type`.`app_label`, `django_content_type`.`model` FROM `django_content_type` WHERE (`django_content_type`.`app_label` = 'rango' AND `django_content_type`.`model` = 'page'); args=('rango', 'page')
DEBUG (0.000) SELECT `auth_permission`.`content_type_id`, `auth_permission`.`codename` FROM `auth_permission` INNER JOIN `django_content_type` ON (`auth_permission`.`content_type_id` = `django_content_type`.`id`) WHERE `auth_permission`.`content_type_id` IN (8, 9, 7) ORDER BY `django_content_type`.`app_label` ASC, `django_content_type`.`model` ASC, `auth_permission`.`codename` ASC; args=(8, 9, 7)
DEBUG (0.000) SELECT `django_content_type`.`id`, `django_content_type`.`app_label`, `django_content_type`.`model` FROM `django_content_type` WHERE `django_content_type`.`app_label` = 'rango'; args=('rango',)
DEBUG (0.000) SELECT `django_content_type`.`id`, `django_content_type`.`app_label`, `django_content_type`.`model` FROM `django_content_type` WHERE (`django_content_type`.`app_label` = 'aggregation_test' AND `django_content_type`.`model` = 'book'); args=('aggregation_test', 'book')
DEBUG (0.000) SELECT `django_content_type`.`id`, `django_content_type`.`app_label`, `django_content_type`.`model` FROM `django_content_type` WHERE (`django_content_type`.`app_label` = 'aggregation_test' AND `django_content_type`.`model` = 'publisher'); args=('aggregation_test', 'publisher')
DEBUG (0.000) SELECT `django_content_type`.`id`, `django_content_type`.`app_label`, `django_content_type`.`model` FROM `django_content_type` WHERE (`django_content_type`.`app_label` = 'aggregation_test' AND `django_content_type`.`model` = 'author'); args=('aggregation_test', 'author')
DEBUG (0.000) SELECT `django_content_type`.`id`, `django_content_type`.`app_label`, `django_content_type`.`model` FROM `django_content_type` WHERE (`django_content_type`.`app_label` = 'aggregation_test' AND `django_content_type`.`model` = 'store'); args=('aggregation_test', 'store')
DEBUG (0.000) SELECT `auth_permission`.`content_type_id`, `auth_permission`.`codename` FROM `auth_permission` INNER JOIN `django_content_type` ON (`auth_permission`.`content_type_id` = `django_content_type`.`id`) WHERE `auth_permission`.`content_type_id` IN (16, 17, 18, 19) ORDER BY `django_content_type`.`app_label` ASC, `django_content_type`.`model` ASC, `auth_permission`.`codename` ASC; args=(16, 17, 18, 19)
DEBUG (0.000) SELECT `django_content_type`.`id`, `django_content_type`.`app_label`, `django_content_type`.`model` FROM `django_content_type` WHERE `django_content_type`.`app_label` = 'aggregation_test'; args=('aggregation_test',)
DEBUG (0.000) SELECT @@SQL_AUTO_IS_NULL; args=None
DEBUG (0.000) SELECT VERSION(); args=None
DEBUG (0.005) SHOW FULL TABLES; args=None
DEBUG (0.002) SELECT `django_migrations`.`app`, `django_migrations`.`name` FROM `django_migrations`; args=()
DEBUG (0.000) SELECT @@SQL_AUTO_IS_NULL; args=None
DEBUG (0.003) SELECT `rango_category`.`id`, `rango_category`.`name`, `rango_category`.`views`, `rango_category`.`likes`, `rango_category`.`slug` FROM `rango_category` ORDER BY `rango_category`.`likes` DESC LIMIT 5; args=()
DEBUG (0.001) SELECT `rango_page`.`id`, `rango_page`.`category_id`, `rango_page`.`title`, `rango_page`.`url`, `rango_page`.`views` FROM `rango_page` ORDER BY `rango_page`.`views` DESC LIMIT 5; args=()
DEBUG (0.000) SELECT VERSION(); args=None
DEBUG (0.002) SELECT (1) AS `a` FROM `django_session` WHERE `django_session`.`session_key` = 'a02q379es35hh384o24w36xgs60fjptp' LIMIT 1; args=('a02q379es35hh384o24w36xgs60fjptp',)
DEBUG (0.007) INSERT INTO `django_session` (`session_key`, `session_data`, `expire_date`) VALUES ('a02q379es35hh384o24w36xgs60fjptp', 'ZmU2YTlmNzRjNGE3MjBkMmExYzdmMDA0ZGNlNjAzMDgyMjY5ODc1YTp7InZpc2l0cyI6MSwibGFzdF92aXNpdCI6IjIwMTctMDItMTggMTg6NDk6MTIuNjU3NTYxIn0=', '2017-03-04 18:49:12.708610'); args=('a02q379es35hh384o24w36xgs60fjptp', 'ZmU2YTlmNzRjNGE3MjBkMmExYzdmMDA0ZGNlNjAzMDgyMjY5ODc1YTp7InZpc2l0cyI6MSwibGFzdF92aXNpdCI6IjIwMTctMDItMTggMTg6NDk6MTIuNjU3NTYxIn0=', '2017-03-04 18:49:12.708610')
DEBUG (0.000) SELECT @@SQL_AUTO_IS_NULL; args=None
DEBUG (0.000) SELECT VERSION(); args=None
DEBUG (0.004) SELECT `rango_category`.`id`, `rango_category`.`name`, `rango_category`.`views`, `rango_category`.`likes`, `rango_category`.`slug` FROM `rango_category` WHERE `rango_category`.`slug` = 'python'; args=('python',)
DEBUG (0.002) SELECT `django_session`.`session_key`, `django_session`.`session_data`, `django_session`.`expire_date` FROM `django_session` WHERE (`django_session`.`expire_date` > '2017-02-18 18:49:14.666449' AND `django_session`.`session_key` = 'a02q379es35hh384o24w36xgs60fjptp'); args=('2017-02-18 18:49:14.666449', 'a02q379es35hh384o24w36xgs60fjptp')
DEBUG (0.002) SELECT `rango_page`.`id`, `rango_page`.`category_id`, `rango_page`.`title`, `rango_page`.`url`, `rango_page`.`views` FROM `rango_page` WHERE `rango_page`.`category_id` = 3; args=(3,)
DEBUG (0.001) SELECT @@SQL_AUTO_IS_NULL; args=None
DEBUG (0.000) SELECT VERSION(); args=None
DEBUG (0.001) SELECT `django_session`.`session_key`, `django_session`.`session_data`, `django_session`.`expire_date` FROM `django_session` WHERE (`django_session`.`expire_date` > '2017-02-18 18:49:16.031046' AND `django_session`.`session_key` = 'a02q379es35hh384o24w36xgs60fjptp'); args=('2017-02-18 18:49:16.031046', 'a02q379es35hh384o24w36xgs60fjptp')
DEBUG (0.001) SELECT @@SQL_AUTO_IS_NULL; args=None
DEBUG (0.000) SELECT VERSION(); args=None
DEBUG (0.002) SELECT `django_session`.`session_key`, `django_session`.`session_data`, `django_session`.`expire_date` FROM `django_session` WHERE (`django_session`.`expire_date` > '2017-02-18 18:49:17.128936' AND `django_session`.`session_key` = 'a02q379es35hh384o24w36xgs60fjptp'); args=('2017-02-18 18:49:17.128936', 'a02q379es35hh384o24w36xgs60fjptp')
DEBUG (0.001) SELECT @@SQL_AUTO_IS_NULL; args=None
DEBUG (0.000) SELECT VERSION(); args=None
DEBUG (0.002) SELECT `django_session`.`session_key`, `django_session`.`session_data`, `django_session`.`expire_date` FROM `django_session` WHERE (`django_session`.`expire_date` > '2017-02-18 18:49:18.219362' AND `django_session`.`session_key` = 'a02q379es35hh384o24w36xgs60fjptp'); args=('2017-02-18 18:49:18.219362', 'a02q379es35hh384o24w36xgs60fjptp')
DEBUG (0.002) SELECT `rango_category`.`id`, `rango_category`.`name`, `rango_category`.`views`, `rango_category`.`likes`, `rango_category`.`slug` FROM `rango_category`; args=()
DEBUG (0.001) SELECT `rango_page`.`id`, `rango_page`.`category_id`, `rango_page`.`title`, `rango_page`.`url`, `rango_page`.`views` FROM `rango_page`; args=()
DEBUG (0.001) SELECT @@SQL_AUTO_IS_NULL; args=None
DEBUG (0.000) SELECT VERSION(); args=None
DEBUG (0.002) SELECT `django_session`.`session_key`, `django_session`.`session_data`, `django_session`.`expire_date` FROM `django_session` WHERE (`django_session`.`expire_date` > '2017-02-18 18:49:18.689352' AND `django_session`.`session_key` = 'a02q379es35hh384o24w36xgs60fjptp'); args=('2017-02-18 18:49:18.689352', 'a02q379es35hh384o24w36xgs60fjptp')
DEBUG (0.000) SELECT @@SQL_AUTO_IS_NULL; args=None
DEBUG (0.001) SELECT VERSION(); args=None
DEBUG (0.001) SELECT `django_session`.`session_key`, `django_session`.`session_data`, `django_session`.`expire_date` FROM `django_session` WHERE (`django_session`.`expire_date` > '2017-02-18 18:49:19.441939' AND `django_session`.`session_key` = 'a02q379es35hh384o24w36xgs60fjptp'); args=('2017-02-18 18:49:19.441939', 'a02q379es35hh384o24w36xgs60fjptp')
DEBUG (0.000) SELECT @@SQL_AUTO_IS_NULL; args=None
DEBUG (0.000) SELECT VERSION(); args=None
DEBUG (0.001) SELECT `django_session`.`session_key`, `django_session`.`session_data`, `django_session`.`expire_date` FROM `django_session` WHERE (`django_session`.`expire_date` > '2017-02-18 18:49:20.394615' AND `django_session`.`session_key` = 'a02q379es35hh384o24w36xgs60fjptp'); args=('2017-02-18 18:49:20.394615', 'a02q379es35hh384o24w36xgs60fjptp')
DEBUG (0.002) SELECT `rango_category`.`id`, `rango_category`.`name`, `rango_category`.`views`, `rango_category`.`likes`, `rango_category`.`slug` FROM `rango_category` ORDER BY `rango_category`.`likes` DESC LIMIT 5; args=()
DEBUG (0.002) SELECT `rango_page`.`id`, `rango_page`.`category_id`, `rango_page`.`title`, `rango_page`.`url`, `rango_page`.`views` FROM `rango_page` ORDER BY `rango_page`.`views` DESC LIMIT 5; args=()
DEBUG (0.006) UPDATE `django_session` SET `session_data` = 'ZDZkN2M3MTAzMjkzOGI3M2RlZjIxN2I1NWVlZDgxODMxNzVkNWI0Zjp7InZpc2l0cyI6MiwibGFzdF92aXNpdCI6IjIwMTctMDItMTggMTg6NDk6MjAuNDAyNjAyIn0=', `expire_date` = '2017-03-04 18:49:20.422616' WHERE `django_session`.`session_key` = 'a02q379es35hh384o24w36xgs60fjptp'; args=('ZDZkN2M3MTAzMjkzOGI3M2RlZjIxN2I1NWVlZDgxODMxNzVkNWI0Zjp7InZpc2l0cyI6MiwibGFzdF92aXNpdCI6IjIwMTctMDItMTggMTg6NDk6MjAuNDAyNjAyIn0=', '2017-03-04 18:49:20.422616', 'a02q379es35hh384o24w36xgs60fjptp')
DEBUG (0.000) SELECT @@SQL_AUTO_IS_NULL; args=None
DEBUG (0.000) SELECT VERSION(); args=None
DEBUG (0.000) SELECT @@SQL_AUTO_IS_NULL; args=None
DEBUG (0.000) SELECT VERSION(); args=None
DEBUG (0.016) SHOW FULL TABLES; args=None
DEBUG (0.000) SELECT `django_migrations`.`app`, `django_migrations`.`name` FROM `django_migrations`; args=()
DEBUG (0.000) SELECT @@SQL_AUTO_IS_NULL; args=None
DEBUG (0.000) SELECT VERSION(); args=None
DEBUG (0.016) SHOW FULL TABLES; args=None
DEBUG (0.000) SELECT `django_migrations`.`app`, `django_migrations`.`name` FROM `django_migrations`; args=()
DEBUG (0.000) SELECT @@SQL_AUTO_IS_NULL; args=None
DEBUG (0.000) SELECT VERSION(); args=None
DEBUG (0.016) SHOW FULL TABLES; args=None
DEBUG (0.000) SELECT `django_migrations`.`app`, `django_migrations`.`name` FROM `django_migrations`; args=()
DEBUG (0.000) SELECT @@SQL_AUTO_IS_NULL; args=None
DEBUG (0.000) SELECT VERSION(); args=None
DEBUG (0.016) SHOW FULL TABLES; args=None
DEBUG (0.000) SELECT `django_migrations`.`app`, `django_migrations`.`name` FROM `django_migrations`; args=()
DEBUG (0.000) SELECT @@SQL_AUTO_IS_NULL; args=None
DEBUG (0.000) SELECT VERSION(); args=None
DEBUG (0.000) SHOW FULL TABLES; args=None
DEBUG (0.016) SELECT `django_migrations`.`app`, `django_migrations`.`name` FROM `django_migrations`; args=()
DEBUG (0.000) SELECT @@SQL_AUTO_IS_NULL; args=None
DEBUG (0.000) SELECT VERSION(); args=None
DEBUG (0.000) SELECT @@SQL_AUTO_IS_NULL; args=None
DEBUG (0.000) SELECT VERSION(); args=None
DEBUG (0.000) SELECT @@SQL_AUTO_IS_NULL; args=None
DEBUG (0.000) SELECT VERSION(); args=None
DEBUG (0.016) SHOW FULL TABLES; args=None
DEBUG (0.000) SELECT `django_migrations`.`app`, `django_migrations`.`name` FROM `django_migrations`; args=()
DEBUG (0.000) SELECT @@SQL_AUTO_IS_NULL; args=None
DEBUG (0.001) SELECT `rango_category`.`id`, `rango_category`.`name`, `rango_category`.`views`, `rango_category`.`likes`, `rango_category`.`slug` FROM `rango_category` ORDER BY `rango_category`.`likes` DESC LIMIT 5; args=()
DEBUG (0.000) SELECT `rango_page`.`id`, `rango_page`.`category_id`, `rango_page`.`title`, `rango_page`.`url`, `rango_page`.`views` FROM `rango_page` ORDER BY `rango_page`.`views` DESC LIMIT 5; args=()
DEBUG (0.000) SELECT VERSION(); args=None
DEBUG (0.001) SELECT (1) AS `a` FROM `django_session` WHERE `django_session`.`session_key` = 'mlkn8u9qs4nexlxm086v01w0k2wzpx6a' LIMIT 1; args=('mlkn8u9qs4nexlxm086v01w0k2wzpx6a',)
DEBUG (0.000) INSERT INTO `django_session` (`session_key`, `session_data`, `expire_date`) VALUES ('mlkn8u9qs4nexlxm086v01w0k2wzpx6a', 'MDA0NmZjNzNkYTBmYWU2MGY2NmUyNmJmYTJkOTY2NDI2NDg4MGQzYjp7InZpc2l0cyI6MSwibGFzdF92aXNpdCI6IjIwMTctMDItMTggMjM6MDA6MzUuMTUxNTA1In0=', '2017-03-04 23:00:35.207543'); args=('mlkn8u9qs4nexlxm086v01w0k2wzpx6a', 'MDA0NmZjNzNkYTBmYWU2MGY2NmUyNmJmYTJkOTY2NDI2NDg4MGQzYjp7InZpc2l0cyI6MSwibGFzdF92aXNpdCI6IjIwMTctMDItMTggMjM6MDA6MzUuMTUxNTA1In0=', '2017-03-04 23:00:35.207543')
DEBUG (0.000) SELECT @@SQL_AUTO_IS_NULL; args=None
DEBUG (0.000) SELECT VERSION(); args=None
DEBUG (0.001) SELECT `django_session`.`session_key`, `django_session`.`session_data`, `django_session`.`expire_date` FROM `django_session` WHERE (`django_session`.`session_key` = 'mlkn8u9qs4nexlxm086v01w0k2wzpx6a' AND `django_session`.`expire_date` > '2017-02-18 23:00:36.553837'); args=('mlkn8u9qs4nexlxm086v01w0k2wzpx6a', '2017-02-18 23:00:36.553837')
DEBUG (0.000) SELECT `rango_category`.`id`, `rango_category`.`name`, `rango_category`.`views`, `rango_category`.`likes`, `rango_category`.`slug` FROM `rango_category` ORDER BY `rango_category`.`likes` DESC LIMIT 5; args=()
DEBUG (0.001) SELECT `rango_page`.`id`, `rango_page`.`category_id`, `rango_page`.`title`, `rango_page`.`url`, `rango_page`.`views` FROM `rango_page` ORDER BY `rango_page`.`views` DESC LIMIT 5; args=()
DEBUG (0.001) UPDATE `django_session` SET `session_data` = 'MDA0NmZjNzNkYTBmYWU2MGY2NmUyNmJmYTJkOTY2NDI2NDg4MGQzYjp7InZpc2l0cyI6MSwibGFzdF92aXNpdCI6IjIwMTctMDItMTggMjM6MDA6MzUuMTUxNTA1In0=', `expire_date` = '2017-03-04 23:00:36.578837' WHERE `django_session`.`session_key` = 'mlkn8u9qs4nexlxm086v01w0k2wzpx6a'; args=('MDA0NmZjNzNkYTBmYWU2MGY2NmUyNmJmYTJkOTY2NDI2NDg4MGQzYjp7InZpc2l0cyI6MSwibGFzdF92aXNpdCI6IjIwMTctMDItMTggMjM6MDA6MzUuMTUxNTA1In0=', '2017-03-04 23:00:36.578837', 'mlkn8u9qs4nexlxm086v01w0k2wzpx6a')
DEBUG (0.000) SELECT @@SQL_AUTO_IS_NULL; args=None
DEBUG (0.001) SELECT VERSION(); args=None
DEBUG (0.001) SELECT `django_session`.`session_key`, `django_session`.`session_data`, `django_session`.`expire_date` FROM `django_session` WHERE (`django_session`.`session_key` = 'mlkn8u9qs4nexlxm086v01w0k2wzpx6a' AND `django_session`.`expire_date` > '2017-02-18 23:00:37.367339'); args=('mlkn8u9qs4nexlxm086v01w0k2wzpx6a', '2017-02-18 23:00:37.367339')
DEBUG (0.001) SELECT @@SQL_AUTO_IS_NULL; args=None
DEBUG (0.000) SELECT VERSION(); args=None
DEBUG (0.001) SELECT `django_session`.`session_key`, `django_session`.`session_data`, `django_session`.`expire_date` FROM `django_session` WHERE (`django_session`.`session_key` = 'mlkn8u9qs4nexlxm086v01w0k2wzpx6a' AND `django_session`.`expire_date` > '2017-02-18 23:01:17.836041'); args=('mlkn8u9qs4nexlxm086v01w0k2wzpx6a', '2017-02-18 23:01:17.836041')
DEBUG (0.001) SELECT `rango_category`.`id`, `rango_category`.`name`, `rango_category`.`views`, `rango_category`.`likes`, `rango_category`.`slug` FROM `rango_category`; args=()
DEBUG (0.002) SELECT `rango_page`.`id`, `rango_page`.`category_id`, `rango_page`.`title`, `rango_page`.`url`, `rango_page`.`views` FROM `rango_page`; args=()
DEBUG (0.000) SELECT @@SQL_AUTO_IS_NULL; args=None
DEBUG (0.001) SELECT VERSION(); args=None
DEBUG (0.001) SELECT `django_session`.`session_key`, `django_session`.`session_data`, `django_session`.`expire_date` FROM `django_session` WHERE (`django_session`.`session_key` = 'mlkn8u9qs4nexlxm086v01w0k2wzpx6a' AND `django_session`.`expire_date` > '2017-02-18 23:05:41.476602'); args=('mlkn8u9qs4nexlxm086v01w0k2wzpx6a', '2017-02-18 23:05:41.476602')
DEBUG (0.000) SELECT @@SQL_AUTO_IS_NULL; args=None
DEBUG (0.000) SELECT VERSION(); args=None
DEBUG (0.078) SELECT `django_session`.`session_key`, `django_session`.`session_data`, `django_session`.`expire_date` FROM `django_session` WHERE (`django_session`.`session_key` = 'mlkn8u9qs4nexlxm086v01w0k2wzpx6a' AND `django_session`.`expire_date` > '2017-02-18 23:08:13.057168'); args=('mlkn8u9qs4nexlxm086v01w0k2wzpx6a', '2017-02-18 23:08:13.057168')
DEBUG (0.000) SELECT @@SQL_AUTO_IS_NULL; args=None
DEBUG (0.000) SELECT VERSION(); args=None
DEBUG (0.016) SHOW FULL TABLES; args=None
DEBUG (0.000) SELECT `django_migrations`.`app`, `django_migrations`.`name` FROM `django_migrations`; args=()
DEBUG (0.000) SELECT @@SQL_AUTO_IS_NULL; args=None
DEBUG (0.000) SELECT VERSION(); args=None
DEBUG (0.051) SELECT `django_session`.`session_key`, `django_session`.`session_data`, `django_session`.`expire_date` FROM `django_session` WHERE (`django_session`.`session_key` = 'mlkn8u9qs4nexlxm086v01w0k2wzpx6a' AND `django_session`.`expire_date` > '2017-02-18 23:38:06.047878'); args=('mlkn8u9qs4nexlxm086v01w0k2wzpx6a', '2017-02-18 23:38:06.047878')
DEBUG (0.000) SELECT @@SQL_AUTO_IS_NULL; args=None
DEBUG (0.000) SELECT VERSION(); args=None
DEBUG (0.062) SHOW FULL TABLES; args=None
DEBUG (0.016) SELECT `django_migrations`.`app`, `django_migrations`.`name` FROM `django_migrations`; args=()
DEBUG (0.005) SELECT @@SQL_AUTO_IS_NULL; args=None
DEBUG (0.001) SELECT VERSION(); args=None
DEBUG (0.147) SHOW FULL TABLES; args=None
DEBUG (0.089) SELECT `django_migrations`.`app`, `django_migrations`.`name` FROM `django_migrations`; args=()
DEBUG (0.001) SELECT @@SQL_AUTO_IS_NULL; args=None
DEBUG (0.000) SELECT VERSION(); args=None
DEBUG (0.017) SHOW FULL TABLES; args=None
DEBUG (0.007) SELECT `django_migrations`.`app`, `django_migrations`.`name` FROM `django_migrations`; args=()
DEBUG (0.000) SELECT @@SQL_AUTO_IS_NULL; args=None
DEBUG (0.053) SELECT `rango_category`.`id`, `rango_category`.`name`, `rango_category`.`views`, `rango_category`.`likes`, `rango_category`.`slug` FROM `rango_category` ORDER BY `rango_category`.`likes` DESC LIMIT 5; args=()
DEBUG (0.022) SELECT `rango_page`.`id`, `rango_page`.`category_id`, `rango_page`.`title`, `rango_page`.`url`, `rango_page`.`views` FROM `rango_page` ORDER BY `rango_page`.`views` DESC LIMIT 5; args=()
DEBUG (0.001) SELECT VERSION(); args=None
DEBUG (0.038) SELECT (1) AS `a` FROM `django_session` WHERE `django_session`.`session_key` = 'tv1ezfxdalw1ta6fe6h7fw7f2uvgnpvv' LIMIT 1; args=('tv1ezfxdalw1ta6fe6h7fw7f2uvgnpvv',)
DEBUG (0.028) INSERT INTO `django_session` (`session_key`, `session_data`, `expire_date`) VALUES ('tv1ezfxdalw1ta6fe6h7fw7f2uvgnpvv', 'OGFiNWVhNDdkOWEzNTU1YjFkMGJkOGY3ZjIxYTgyMDMwMmRlMzZlMDp7InZpc2l0cyI6MSwibGFzdF92aXNpdCI6IjIwMTctMDItMTkgMTQ6NTE6MjUuNTUwNjQ3In0=', '2017-03-05 14:51:25.730534'); args=('tv1ezfxdalw1ta6fe6h7fw7f2uvgnpvv', 'OGFiNWVhNDdkOWEzNTU1YjFkMGJkOGY3ZjIxYTgyMDMwMmRlMzZlMDp7InZpc2l0cyI6MSwibGFzdF92aXNpdCI6IjIwMTctMDItMTkgMTQ6NTE6MjUuNTUwNjQ3In0=', '2017-03-05 14:51:25.730534')
DEBUG (0.001) SELECT @@SQL_AUTO_IS_NULL; args=None
DEBUG (0.000) SELECT VERSION(); args=None
DEBUG (0.004) SELECT `django_session`.`session_key`, `django_session`.`session_data`, `django_session`.`expire_date` FROM `django_session` WHERE (`django_session`.`expire_date` > '2017-02-19 14:51:27.956762' AND `django_session`.`session_key` = 'tv1ezfxdalw1ta6fe6h7fw7f2uvgnpvv'); args=('2017-02-19 14:51:27.956762', 'tv1ezfxdalw1ta6fe6h7fw7f2uvgnpvv')
DEBUG (0.004) SELECT `rango_category`.`id`, `rango_category`.`name`, `rango_category`.`views`, `rango_category`.`likes`, `rango_category`.`slug` FROM `rango_category` ORDER BY `rango_category`.`likes` DESC LIMIT 5; args=()
DEBUG (0.002) SELECT `rango_page`.`id`, `rango_page`.`category_id`, `rango_page`.`title`, `rango_page`.`url`, `rango_page`.`views` FROM `rango_page` ORDER BY `rango_page`.`views` DESC LIMIT 5; args=()
DEBUG (0.033) UPDATE `django_session` SET `session_data` = 'OGFiNWVhNDdkOWEzNTU1YjFkMGJkOGY3ZjIxYTgyMDMwMmRlMzZlMDp7InZpc2l0cyI6MSwibGFzdF92aXNpdCI6IjIwMTctMDItMTkgMTQ6NTE6MjUuNTUwNjQ3In0=', `expire_date` = '2017-03-05 14:51:28.005646' WHERE `django_session`.`session_key` = 'tv1ezfxdalw1ta6fe6h7fw7f2uvgnpvv'; args=('OGFiNWVhNDdkOWEzNTU1YjFkMGJkOGY3ZjIxYTgyMDMwMmRlMzZlMDp7InZpc2l0cyI6MSwibGFzdF92aXNpdCI6IjIwMTctMDItMTkgMTQ6NTE6MjUuNTUwNjQ3In0=', '2017-03-05 14:51:28.005646', 'tv1ezfxdalw1ta6fe6h7fw7f2uvgnpvv')
DEBUG (0.001) SELECT @@SQL_AUTO_IS_NULL; args=None
DEBUG (0.001) SELECT VERSION(); args=None
DEBUG (0.004) SELECT `django_session`.`session_key`, `django_session`.`session_data`, `django_session`.`expire_date` FROM `django_session` WHERE (`django_session`.`expire_date` > '2017-02-19 14:51:29.921771' AND `django_session`.`session_key` = 'tv1ezfxdalw1ta6fe6h7fw7f2uvgnpvv'); args=('2017-02-19 14:51:29.921771', 'tv1ezfxdalw1ta6fe6h7fw7f2uvgnpvv')
DEBUG (0.000) SELECT @@SQL_AUTO_IS_NULL; args=None
DEBUG (0.000) SELECT VERSION(); args=None
DEBUG (0.003) SELECT `django_session`.`session_key`, `django_session`.`session_data`, `django_session`.`expire_date` FROM `django_session` WHERE (`django_session`.`expire_date` > '2017-02-19 14:51:30.717552' AND `django_session`.`session_key` = 'tv1ezfxdalw1ta6fe6h7fw7f2uvgnpvv'); args=('2017-02-19 14:51:30.717552', 'tv1ezfxdalw1ta6fe6h7fw7f2uvgnpvv')
DEBUG (0.000) SELECT @@SQL_AUTO_IS_NULL; args=None
DEBUG (0.000) SELECT VERSION(); args=None
DEBUG (0.002) SELECT `django_session`.`session_key`, `django_session`.`session_data`, `django_session`.`expire_date` FROM `django_session` WHERE (`django_session`.`expire_date` > '2017-02-19 14:51:31.960292' AND `django_session`.`session_key` = 'tv1ezfxdalw1ta6fe6h7fw7f2uvgnpvv'); args=('2017-02-19 14:51:31.960292', 'tv1ezfxdalw1ta6fe6h7fw7f2uvgnpvv')
DEBUG (0.001) SELECT @@SQL_AUTO_IS_NULL; args=None
DEBUG (0.000) SELECT VERSION(); args=None
DEBUG (0.011) SELECT `django_session`.`session_key`, `django_session`.`session_data`, `django_session`.`expire_date` FROM `django_session` WHERE (`django_session`.`expire_date` > '2017-02-19 14:51:36.321442' AND `django_session`.`session_key` = 'tv1ezfxdalw1ta6fe6h7fw7f2uvgnpvv'); args=('2017-02-19 14:51:36.321442', 'tv1ezfxdalw1ta6fe6h7fw7f2uvgnpvv')
DEBUG (0.000) SELECT @@SQL_AUTO_IS_NULL; args=None
DEBUG (0.000) SELECT VERSION(); args=None
DEBUG (0.003) SELECT `django_session`.`session_key`, `django_session`.`session_data`, `django_session`.`expire_date` FROM `django_session` WHERE (`django_session`.`expire_date` > '2017-02-19 14:51:37.136776' AND `django_session`.`session_key` = 'tv1ezfxdalw1ta6fe6h7fw7f2uvgnpvv'); args=('2017-02-19 14:51:37.136776', 'tv1ezfxdalw1ta6fe6h7fw7f2uvgnpvv')
DEBUG (0.000) SELECT @@SQL_AUTO_IS_NULL; args=None
DEBUG (0.001) SELECT VERSION(); args=None
DEBUG (0.002) SELECT `django_session`.`session_key`, `django_session`.`session_data`, `django_session`.`expire_date` FROM `django_session` WHERE (`django_session`.`expire_date` > '2017-02-19 14:51:38.074311' AND `django_session`.`session_key` = 'tv1ezfxdalw1ta6fe6h7fw7f2uvgnpvv'); args=('2017-02-19 14:51:38.074311', 'tv1ezfxdalw1ta6fe6h7fw7f2uvgnpvv')
DEBUG (0.000) SELECT @@SQL_AUTO_IS_NULL; args=None
DEBUG (0.000) SELECT VERSION(); args=None
DEBUG (0.141) SHOW FULL TABLES; args=None
DEBUG (0.016) SELECT `django_migrations`.`app`, `django_migrations`.`name` FROM `django_migrations`; args=()
DEBUG (0.000) SELECT @@SQL_AUTO_IS_NULL; args=None
DEBUG (0.004) SELECT `rango_category`.`id`, `rango_category`.`name`, `rango_category`.`views`, `rango_category`.`likes`, `rango_category`.`slug` FROM `rango_category` ORDER BY `rango_category`.`likes` DESC LIMIT 5; args=()
DEBUG (0.002) SELECT `rango_page`.`id`, `rango_page`.`category_id`, `rango_page`.`title`, `rango_page`.`url`, `rango_page`.`views` FROM `rango_page` ORDER BY `rango_page`.`views` DESC LIMIT 5; args=()
DEBUG (0.000) SELECT VERSION(); args=None
DEBUG (0.010) SELECT (1) AS `a` FROM `django_session` WHERE `django_session`.`session_key` = '9b51i4g7ht28w6p3099eobou4et74ugx' LIMIT 1; args=('9b51i4g7ht28w6p3099eobou4et74ugx',)
DEBUG (0.002) INSERT INTO `django_session` (`session_key`, `session_data`, `expire_date`) VALUES ('9b51i4g7ht28w6p3099eobou4et74ugx', 'NmE4NWEzZTM3ZWRiMTIzY2FlY2Q3MWYxNTRkOGIzN2MzZWQ1ZjdmNjp7InZpc2l0cyI6MSwibGFzdF92aXNpdCI6IjIwMTctMDQtMDQgMTE6MDA6MDIuNzIyOTMwIn0=', '2017-04-18 11:00:02.894053'); args=('9b51i4g7ht28w6p3099eobou4et74ugx', 'NmE4NWEzZTM3ZWRiMTIzY2FlY2Q3MWYxNTRkOGIzN2MzZWQ1ZjdmNjp7InZpc2l0cyI6MSwibGFzdF92aXNpdCI6IjIwMTctMDQtMDQgMTE6MDA6MDIuNzIyOTMwIn0=', '2017-04-18 11:00:02.894053')
DEBUG (0.000) SELECT @@SQL_AUTO_IS_NULL; args=None
DEBUG (0.000) SELECT VERSION(); args=None
DEBUG (0.000) SHOW FULL TABLES; args=None
DEBUG (0.000) SELECT `django_migrations`.`app`, `django_migrations`.`name` FROM `django_migrations`; args=()
DEBUG (0.001) SELECT @@SQL_AUTO_IS_NULL; args=None
DEBUG (0.000) SELECT VERSION(); args=None
DEBUG (0.088) SELECT `django_session`.`session_key`, `django_session`.`session_data`, `django_session`.`expire_date` FROM `django_session` WHERE (`django_session`.`session_key` = '9b51i4g7ht28w6p3099eobou4et74ugx' AND `django_session`.`expire_date` > '2017-04-04 11:05:50.755430'); args=('9b51i4g7ht28w6p3099eobou4et74ugx', '2017-04-04 11:05:50.755430')
DEBUG (0.002) SELECT `rango_category`.`id`, `rango_category`.`name`, `rango_category`.`views`, `rango_category`.`likes`, `rango_category`.`slug` FROM `rango_category` ORDER BY `rango_category`.`likes` DESC LIMIT 5; args=()
DEBUG (0.003) SELECT `rango_page`.`id`, `rango_page`.`category_id`, `rango_page`.`title`, `rango_page`.`url`, `rango_page`.`views` FROM `rango_page` ORDER BY `rango_page`.`views` DESC LIMIT 5; args=()
DEBUG (0.004) UPDATE `django_session` SET `session_data` = 'MzUzNjYzZDU2ZjUzYTViYjI5NTY5YmY5OGZiZWU1MmNiMjI3NTAwOTp7InZpc2l0cyI6MiwibGFzdF92aXNpdCI6IjIwMTctMDQtMDQgMTE6MDU6NTAuODU1NDk4In0=', `expire_date` = '2017-04-18 11:05:50.896527' WHERE `django_session`.`session_key` = '9b51i4g7ht28w6p3099eobou4et74ugx'; args=('MzUzNjYzZDU2ZjUzYTViYjI5NTY5YmY5OGZiZWU1MmNiMjI3NTAwOTp7InZpc2l0cyI6MiwibGFzdF92aXNpdCI6IjIwMTctMDQtMDQgMTE6MDU6NTAuODU1NDk4In0=', '2017-04-18 11:05:50.896527', '9b51i4g7ht28w6p3099eobou4et74ugx')
DEBUG (0.001) SELECT @@SQL_AUTO_IS_NULL; args=None
DEBUG (0.000) SELECT VERSION(); args=None
DEBUG (0.002) SELECT `django_session`.`session_key`, `django_session`.`session_data`, `django_session`.`expire_date` FROM `django_session` WHERE (`django_session`.`session_key` = '9b51i4g7ht28w6p3099eobou4et74ugx' AND `django_session`.`expire_date` > '2017-04-04 11:06:49.257356'); args=('9b51i4g7ht28w6p3099eobou4et74ugx', '2017-04-04 11:06:49.257356')
DEBUG (0.002) SELECT `rango_category`.`id`, `rango_category`.`name`, `rango_category`.`views`, `rango_category`.`likes`, `rango_category`.`slug` FROM `rango_category` ORDER BY `rango_category`.`likes` DESC LIMIT 5; args=()
DEBUG (0.002) SELECT `rango_page`.`id`, `rango_page`.`category_id`, `rango_page`.`title`, `rango_page`.`url`, `rango_page`.`views` FROM `rango_page` ORDER BY `rango_page`.`views` DESC LIMIT 5; args=()
DEBUG (0.040) UPDATE `django_session` SET `session_data` = 'MzE4NzhjMDA4NzI1YWY0NzcxNmY1ZGI3OTdhNjE4MGQ3NzY1NDg0ZTp7InZpc2l0cyI6MywibGFzdF92aXNpdCI6IjIwMTctMDQtMDQgMTE6MDY6NDkuMjY2MzgzIn0=', `expire_date` = '2017-04-18 11:06:49.287379' WHERE `django_session`.`session_key` = '9b51i4g7ht28w6p3099eobou4et74ugx'; args=('MzE4NzhjMDA4NzI1YWY0NzcxNmY1ZGI3OTdhNjE4MGQ3NzY1NDg0ZTp7InZpc2l0cyI6MywibGFzdF92aXNpdCI6IjIwMTctMDQtMDQgMTE6MDY6NDkuMjY2MzgzIn0=', '2017-04-18 11:06:49.287379', '9b51i4g7ht28w6p3099eobou4et74ugx')
DEBUG (0.000) SELECT @@SQL_AUTO_IS_NULL; args=None
DEBUG (0.001) SELECT VERSION(); args=None
DEBUG (0.002) SELECT `django_session`.`session_key`, `django_session`.`session_data`, `django_session`.`expire_date` FROM `django_session` WHERE (`django_session`.`session_key` = '9b51i4g7ht28w6p3099eobou4et74ugx' AND `django_session`.`expire_date` > '2017-04-04 11:06:50.297017'); args=('9b51i4g7ht28w6p3099eobou4et74ugx', '2017-04-04 11:06:50.297017')
DEBUG (0.001) SELECT `rango_category`.`id`, `rango_category`.`name`, `rango_category`.`views`, `rango_category`.`likes`, `rango_category`.`slug` FROM `rango_category` ORDER BY `rango_category`.`likes` DESC LIMIT 5; args=()
DEBUG (0.002) SELECT `rango_page`.`id`, `rango_page`.`category_id`, `rango_page`.`title`, `rango_page`.`url`, `rango_page`.`views` FROM `rango_page` ORDER BY `rango_page`.`views` DESC LIMIT 5; args=()
DEBUG (0.046) UPDATE `django_session` SET `session_data` = 'MzE4NzhjMDA4NzI1YWY0NzcxNmY1ZGI3OTdhNjE4MGQ3NzY1NDg0ZTp7InZpc2l0cyI6MywibGFzdF92aXNpdCI6IjIwMTctMDQtMDQgMTE6MDY6NDkuMjY2MzgzIn0=', `expire_date` = '2017-04-18 11:06:50.325027' WHERE `django_session`.`session_key` = '9b51i4g7ht28w6p3099eobou4et74ugx'; args=('MzE4NzhjMDA4NzI1YWY0NzcxNmY1ZGI3OTdhNjE4MGQ3NzY1NDg0ZTp7InZpc2l0cyI6MywibGFzdF92aXNpdCI6IjIwMTctMDQtMDQgMTE6MDY6NDkuMjY2MzgzIn0=', '2017-04-18 11:06:50.325027', '9b51i4g7ht28w6p3099eobou4et74ugx')
DEBUG (0.000) SELECT @@SQL_AUTO_IS_NULL; args=None
DEBUG (0.000) SELECT VERSION(); args=None
DEBUG (0.006) SHOW FULL TABLES; args=None
DEBUG (0.002) SELECT `django_migrations`.`app`, `django_migrations`.`name` FROM `django_migrations`; args=()
DEBUG (0.000) SELECT @@SQL_AUTO_IS_NULL; args=None
DEBUG (0.000) SELECT VERSION(); args=None
DEBUG (0.002) SELECT `django_session`.`session_key`, `django_session`.`session_data`, `django_session`.`expire_date` FROM `django_session` WHERE (`django_session`.`session_key` = '9b51i4g7ht28w6p3099eobou4et74ugx' AND `django_session`.`expire_date` > '2017-04-04 11:08:22.681483'); args=('9b51i4g7ht28w6p3099eobou4et74ugx', '2017-04-04 11:08:22.681483')
DEBUG (0.002) SELECT `rango_category`.`id`, `rango_category`.`name`, `rango_category`.`views`, `rango_category`.`likes`, `rango_category`.`slug` FROM `rango_category` ORDER BY `rango_category`.`likes` DESC LIMIT 5; args=()
DEBUG (0.004) SELECT `rango_page`.`id`, `rango_page`.`category_id`, `rango_page`.`title`, `rango_page`.`url`, `rango_page`.`views` FROM `rango_page` ORDER BY `rango_page`.`views` DESC LIMIT 5; args=()
DEBUG (0.046) UPDATE `django_session` SET `session_data` = 'ODg0NTM5YTNkNmM2NzhmN2FlYTQ2YTBlMWM3YmY0NTRhMWQwNzIzNzp7Imxhc3RfdmlzaXQiOiIyMDE3LTA0LTA0IDExOjA4OjIyLjcwMTUwMSIsInZpc2l0cyI6NH0=', `expire_date` = '2017-04-18 11:08:22.761559' WHERE `django_session`.`session_key` = '9b51i4g7ht28w6p3099eobou4et74ugx'; args=('ODg0NTM5YTNkNmM2NzhmN2FlYTQ2YTBlMWM3YmY0NTRhMWQwNzIzNzp7Imxhc3RfdmlzaXQiOiIyMDE3LTA0LTA0IDExOjA4OjIyLjcwMTUwMSIsInZpc2l0cyI6NH0=', '2017-04-18 11:08:22.761559', '9b51i4g7ht28w6p3099eobou4et74ugx')
DEBUG (0.002) SELECT @@SQL_AUTO_IS_NULL; args=None
DEBUG (0.000) SELECT VERSION(); args=None
DEBUG (0.006) SHOW FULL TABLES; args=None
DEBUG (0.002) SELECT `django_migrations`.`app`, `django_migrations`.`name` FROM `django_migrations`; args=()
DEBUG (0.000) SELECT @@SQL_AUTO_IS_NULL; args=None
DEBUG (0.000) SELECT VERSION(); args=None
DEBUG (0.000) SELECT `django_session`.`session_key`, `django_session`.`session_data`, `django_session`.`expire_date` FROM `django_session` WHERE (`django_session`.`session_key` = '9b51i4g7ht28w6p3099eobou4et74ugx' AND `django_session`.`expire_date` > '2017-04-04 11:09:31.485787'); args=('9b51i4g7ht28w6p3099eobou4et74ugx', '2017-04-04 11:09:31.485787')
DEBUG (0.000) SELECT @@SQL_AUTO_IS_NULL; args=None
DEBUG (0.000) SELECT VERSION(); args=None
DEBUG (0.016) SHOW FULL TABLES; args=None
DEBUG (0.000) SELECT `django_migrations`.`app`, `django_migrations`.`name` FROM `django_migrations`; args=()
DEBUG (0.000) SELECT @@SQL_AUTO_IS_NULL; args=None
DEBUG (0.000) SELECT VERSION(); args=None
DEBUG (0.000) SHOW FULL TABLES; args=None
DEBUG (0.000) SELECT `django_migrations`.`app`, `django_migrations`.`name` FROM `django_migrations`; args=()
DEBUG (0.000) SELECT @@SQL_AUTO_IS_NULL; args=None
DEBUG (0.000) SELECT VERSION(); args=None
DEBUG (0.000) SELECT `django_session`.`session_key`, `django_session`.`session_data`, `django_session`.`expire_date` FROM `django_session` WHERE (`django_session`.`session_key` = '9b51i4g7ht28w6p3099eobou4et74ugx' AND `django_session`.`expire_date` > '2017-04-04 11:10:28.022628'); args=('9b51i4g7ht28w6p3099eobou4et74ugx', '2017-04-04 11:10:28.022628')
DEBUG (0.000) SELECT `rango_category`.`id`, `rango_category`.`name`, `rango_category`.`views`, `rango_category`.`likes`, `rango_category`.`slug` FROM `rango_category` ORDER BY `rango_category`.`likes` DESC LIMIT 5; args=()
DEBUG (0.001) SELECT `rango_page`.`id`, `rango_page`.`category_id`, `rango_page`.`title`, `rango_page`.`url`, `rango_page`.`views` FROM `rango_page` ORDER BY `rango_page`.`views` DESC LIMIT 5; args=()
DEBUG (0.001) UPDATE `django_session` SET `session_data` = 'NDNiYzAzNDY5ZGE1ZmY3ODAxOGU4YzEwNWIzNmY1Yjc2Mjg0ZDExMTp7InZpc2l0cyI6NSwibGFzdF92aXNpdCI6IjIwMTctMDQtMDQgMTE6MTA6MjguMDM0NjM3In0=', `expire_date` = '2017-04-18 11:10:28.064656' WHERE `django_session`.`session_key` = '9b51i4g7ht28w6p3099eobou4et74ugx'; args=('NDNiYzAzNDY5ZGE1ZmY3ODAxOGU4YzEwNWIzNmY1Yjc2Mjg0ZDExMTp7InZpc2l0cyI6NSwibGFzdF92aXNpdCI6IjIwMTctMDQtMDQgMTE6MTA6MjguMDM0NjM3In0=', '2017-04-18 11:10:28.064656', '9b51i4g7ht28w6p3099eobou4et74ugx')
DEBUG (0.000) SELECT @@SQL_AUTO_IS_NULL; args=None
DEBUG (0.000) SELECT VERSION(); args=None
DEBUG (0.016) SHOW FULL TABLES; args=None
DEBUG (0.000) SELECT `django_migrations`.`app`, `django_migrations`.`name` FROM `django_migrations`; args=()
DEBUG (0.000) SELECT @@SQL_AUTO_IS_NULL; args=None
DEBUG (0.000) SELECT VERSION(); args=None
DEBUG (0.000) SHOW FULL TABLES; args=None
DEBUG (0.000) SELECT `django_migrations`.`app`, `django_migrations`.`name` FROM `django_migrations`; args=()
DEBUG (0.000) SELECT @@SQL_AUTO_IS_NULL; args=None
DEBUG (0.000) SELECT VERSION(); args=None
DEBUG (0.000) SELECT `django_session`.`session_key`, `django_session`.`session_data`, `django_session`.`expire_date` FROM `django_session` WHERE (`django_session`.`session_key` = '9b51i4g7ht28w6p3099eobou4et74ugx' AND `django_session`.`expire_date` > '2017-04-04 11:11:34.449532'); args=('9b51i4g7ht28w6p3099eobou4et74ugx', '2017-04-04 11:11:34.449532')
DEBUG (0.000) SELECT `rango_category`.`id`, `rango_category`.`name`, `rango_category`.`views`, `rango_category`.`likes`, `rango_category`.`slug` FROM `rango_category` ORDER BY `rango_category`.`likes` DESC LIMIT 5; args=()
DEBUG (0.001) SELECT `rango_page`.`id`, `rango_page`.`category_id`, `rango_page`.`title`, `rango_page`.`url`, `rango_page`.`views` FROM `rango_page` ORDER BY `rango_page`.`views` DESC LIMIT 5; args=()
DEBUG (0.001) UPDATE `django_session` SET `session_data` = 'YjRlYjJkODFmNGQyNWM5YzQ3NjJjNzQyZmY0MGVmMTc5MGQwZjkzMDp7Imxhc3RfdmlzaXQiOiIyMDE3LTA0LTA0IDExOjExOjM0LjQ2MzU0MiIsInZpc2l0cyI6Nn0=', `expire_date` = '2017-04-18 11:11:34.499567' WHERE `django_session`.`session_key` = '9b51i4g7ht28w6p3099eobou4et74ugx'; args=('YjRlYjJkODFmNGQyNWM5YzQ3NjJjNzQyZmY0MGVmMTc5MGQwZjkzMDp7Imxhc3RfdmlzaXQiOiIyMDE3LTA0LTA0IDExOjExOjM0LjQ2MzU0MiIsInZpc2l0cyI6Nn0=', '2017-04-18 11:11:34.499567', '9b51i4g7ht28w6p3099eobou4et74ugx')
DEBUG (0.000) SELECT @@SQL_AUTO_IS_NULL; args=None
DEBUG (0.000) SELECT VERSION(); args=None
DEBUG (0.002) SELECT `django_session`.`session_key`, `django_session`.`session_data`, `django_session`.`expire_date` FROM `django_session` WHERE (`django_session`.`session_key` = '9b51i4g7ht28w6p3099eobou4et74ugx' AND `django_session`.`expire_date` > '2017-04-04 11:11:34.678695'); args=('9b51i4g7ht28w6p3099eobou4et74ugx', '2017-04-04 11:11:34.678695')
DEBUG (0.001) SELECT `rango_category`.`id`, `rango_category`.`name`, `rango_category`.`views`, `rango_category`.`likes`, `rango_category`.`slug` FROM `rango_category` ORDER BY `rango_category`.`likes` DESC LIMIT 5; args=()
DEBUG (0.002) SELECT `rango_page`.`id`, `rango_page`.`category_id`, `rango_page`.`title`, `rango_page`.`url`, `rango_page`.`views` FROM `rango_page` ORDER BY `rango_page`.`views` DESC LIMIT 5; args=()
DEBUG (0.001) UPDATE `django_session` SET `session_data` = 'YjRlYjJkODFmNGQyNWM5YzQ3NjJjNzQyZmY0MGVmMTc5MGQwZjkzMDp7Imxhc3RfdmlzaXQiOiIyMDE3LTA0LTA0IDExOjExOjM0LjQ2MzU0MiIsInZpc2l0cyI6Nn0=', `expire_date` = '2017-04-18 11:11:34.707715' WHERE `django_session`.`session_key` = '9b51i4g7ht28w6p3099eobou4et74ugx'; args=('YjRlYjJkODFmNGQyNWM5YzQ3NjJjNzQyZmY0MGVmMTc5MGQwZjkzMDp7Imxhc3RfdmlzaXQiOiIyMDE3LTA0LTA0IDExOjExOjM0LjQ2MzU0MiIsInZpc2l0cyI6Nn0=', '2017-04-18 11:11:34.707715', '9b51i4g7ht28w6p3099eobou4et74ugx')
DEBUG (0.001) SELECT @@SQL_AUTO_IS_NULL; args=None
DEBUG (0.000) SELECT VERSION(); args=None
DEBUG (0.000) SELECT `django_session`.`session_key`, `django_session`.`session_data`, `django_session`.`expire_date` FROM `django_session` WHERE (`django_session`.`session_key` = '9b51i4g7ht28w6p3099eobou4et74ugx' AND `django_session`.`expire_date` > '2017-04-04 11:13:16.951943'); args=('9b51i4g7ht28w6p3099eobou4et74ugx', '2017-04-04 11:13:16.951943')
DEBUG (0.000) SELECT `rango_category`.`id`, `rango_category`.`name`, `rango_category`.`views`, `rango_category`.`likes`, `rango_category`.`slug` FROM `rango_category` ORDER BY `rango_category`.`likes` DESC LIMIT 5; args=()
DEBUG (0.000) SELECT `rango_page`.`id`, `rango_page`.`category_id`, `rango_page`.`title`, `rango_page`.`url`, `rango_page`.`views` FROM `rango_page` ORDER BY `rango_page`.`views` DESC LIMIT 5; args=()
DEBUG (0.001) UPDATE `django_session` SET `session_data` = 'NDU1Nzc3OTZjYjU0NGI1YTFiNTRmM2UzNDQ0OWE2OGE0OTA4YTM0ODp7Imxhc3RfdmlzaXQiOiIyMDE3LTA0LTA0IDExOjEzOjE2Ljk1ODk0OSIsInZpc2l0cyI6N30=', `expire_date` = '2017-04-18 11:13:16.968973' WHERE `django_session`.`session_key` = '9b51i4g7ht28w6p3099eobou4et74ugx'; args=('NDU1Nzc3OTZjYjU0NGI1YTFiNTRmM2UzNDQ0OWE2OGE0OTA4YTM0ODp7Imxhc3RfdmlzaXQiOiIyMDE3LTA0LTA0IDExOjEzOjE2Ljk1ODk0OSIsInZpc2l0cyI6N30=', '2017-04-18 11:13:16.968973', '9b51i4g7ht28w6p3099eobou4et74ugx')
DEBUG (0.001) SELECT @@SQL_AUTO_IS_NULL; args=None
DEBUG (0.000) SELECT VERSION(); args=None
DEBUG (0.001) SELECT `django_session`.`session_key`, `django_session`.`session_data`, `django_session`.`expire_date` FROM `django_session` WHERE (`django_session`.`session_key` = '9b51i4g7ht28w6p3099eobou4et74ugx' AND `django_session`.`expire_date` > '2017-04-04 11:13:39.481714'); args=('9b51i4g7ht28w6p3099eobou4et74ugx', '2017-04-04 11:13:39.481714')
DEBUG (0.001) SELECT @@SQL_AUTO_IS_NULL; args=None
DEBUG (0.000) SELECT VERSION(); args=None
DEBUG (0.001) SELECT `django_session`.`session_key`, `django_session`.`session_data`, `django_session`.`expire_date` FROM `django_session` WHERE (`django_session`.`session_key` = '9b51i4g7ht28w6p3099eobou4et74ugx' AND `django_session`.`expire_date` > '2017-04-04 11:13:41.110637'); args=('9b51i4g7ht28w6p3099eobou4et74ugx', '2017-04-04 11:13:41.110637')
DEBUG (0.000) SELECT @@SQL_AUTO_IS_NULL; args=None
DEBUG (0.000) SELECT VERSION(); args=None
DEBUG (0.001) SELECT `django_session`.`session_key`, `django_session`.`session_data`, `django_session`.`expire_date` FROM `django_session` WHERE (`django_session`.`session_key` = '9b51i4g7ht28w6p3099eobou4et74ugx' AND `django_session`.`expire_date` > '2017-04-04 11:13:44.930300'); args=('9b51i4g7ht28w6p3099eobou4et74ugx', '2017-04-04 11:13:44.930300')
DEBUG (0.000) SELECT @@SQL_AUTO_IS_NULL; args=None
DEBUG (0.000) SELECT VERSION(); args=None
DEBUG (0.008) SELECT `auth_user`.`id`, `auth_user`.`password`, `auth_user`.`last_login`, `auth_user`.`is_superuser`, `auth_user`.`username`, `auth_user`.`first_name`, `auth_user`.`last_name`, `auth_user`.`email`, `auth_user`.`is_staff`, `auth_user`.`is_active`, `auth_user`.`date_joined` FROM `auth_user` WHERE `auth_user`.`username` = 'linmu'; args=('linmu',)
DEBUG (0.001) SELECT `django_session`.`session_key`, `django_session`.`session_data`, `django_session`.`expire_date` FROM `django_session` WHERE (`django_session`.`session_key` = '9b51i4g7ht28w6p3099eobou4et74ugx' AND `django_session`.`expire_date` > '2017-04-04 11:13:54.615962'); args=('9b51i4g7ht28w6p3099eobou4et74ugx', '2017-04-04 11:13:54.615962')
DEBUG (0.001) SELECT @@SQL_AUTO_IS_NULL; args=None
DEBUG (0.000) SELECT VERSION(); args=None
DEBUG (0.003) SELECT `django_session`.`session_key`, `django_session`.`session_data`, `django_session`.`expire_date` FROM `django_session` WHERE (`django_session`.`session_key` = '9b51i4g7ht28w6p3099eobou4et74ugx' AND `django_session`.`expire_date` > '2017-04-04 11:13:57.975839'); args=('9b51i4g7ht28w6p3099eobou4et74ugx', '2017-04-04 11:13:57.975839')
DEBUG (0.000) SELECT @@SQL_AUTO_IS_NULL; args=None
DEBUG (0.000) SELECT VERSION(); args=None
DEBUG (0.002) SELECT (1) AS `a` FROM `auth_user` WHERE `auth_user`.`username` = 'linmu' LIMIT 1; args=('linmu',)
DEBUG (0.000) SELECT `django_session`.`session_key`, `django_session`.`session_data`, `django_session`.`expire_date` FROM `django_session` WHERE (`django_session`.`session_key` = '9b51i4g7ht28w6p3099eobou4et74ugx' AND `django_session`.`expire_date` > '2017-04-04 11:14:17.556030'); args=('9b51i4g7ht28w6p3099eobou4et74ugx', '2017-04-04 11:14:17.556030')
DEBUG (0.000) SELECT @@SQL_AUTO_IS_NULL; args=None
DEBUG (0.000) SELECT VERSION(); args=None
DEBUG (0.003) SELECT (1) AS `a` FROM `auth_user` WHERE `auth_user`.`username` = 'linmu123' LIMIT 1; args=('linmu123',)
DEBUG (0.002) INSERT INTO `auth_user` (`password`, `last_login`, `is_superuser`, `username`, `first_name`, `last_name`, `email`, `is_staff`, `is_active`, `date_joined`) VALUES ('pbkdf2_sha256$30000$DQhZvYslEtkx$Xar+uY90pUlh6mIhUfeOd126e2gWPH5HngS/b596cpY=', NULL, 0, 'linmu123', '', '', '328232234@qq.com', 0, 1, '2017-04-04 11:14:27.604771'); args=['pbkdf2_sha256$30000$DQhZvYslEtkx$Xar+uY90pUlh6mIhUfeOd126e2gWPH5HngS/b596cpY=', None, False, 'linmu123', '', '', '328232234@qq.com', False, True, '2017-04-04 11:14:27.604771']
DEBUG (0.001) SELECT `auth_user`.`id`, `auth_user`.`password`, `auth_user`.`last_login`, `auth_user`.`is_superuser`, `auth_user`.`username`, `auth_user`.`first_name`, `auth_user`.`last_name`, `auth_user`.`email`, `auth_user`.`is_staff`, `auth_user`.`is_active`, `auth_user`.`date_joined` FROM `auth_user` WHERE `auth_user`.`username` = 'linmu123'; args=('linmu123',)
DEBUG (0.000) SELECT `django_session`.`session_key`, `django_session`.`session_data`, `django_session`.`expire_date` FROM `django_session` WHERE (`django_session`.`session_key` = '9b51i4g7ht28w6p3099eobou4et74ugx' AND `django_session`.`expire_date` > '2017-04-04 11:14:27.780881'); args=('9b51i4g7ht28w6p3099eobou4et74ugx', '2017-04-04 11:14:27.780881')
DEBUG (0.000) SELECT (1) AS `a` FROM `django_session` WHERE `django_session`.`session_key` = 'p3jk8t10nkm983nl5917m1n8msgbbbit' LIMIT 1; args=('p3jk8t10nkm983nl5917m1n8msgbbbit',)
DEBUG (0.001) INSERT INTO `django_session` (`session_key`, `session_data`, `expire_date`) VALUES ('p3jk8t10nkm983nl5917m1n8msgbbbit', 'NDU1Nzc3OTZjYjU0NGI1YTFiNTRmM2UzNDQ0OWE2OGE0OTA4YTM0ODp7Imxhc3RfdmlzaXQiOiIyMDE3LTA0LTA0IDExOjEzOjE2Ljk1ODk0OSIsInZpc2l0cyI6N30=', '2017-04-18 11:14:27.783902'); args=('p3jk8t10nkm983nl5917m1n8msgbbbit', 'NDU1Nzc3OTZjYjU0NGI1YTFiNTRmM2UzNDQ0OWE2OGE0OTA4YTM0ODp7Imxhc3RfdmlzaXQiOiIyMDE3LTA0LTA0IDExOjEzOjE2Ljk1ODk0OSIsInZpc2l0cyI6N30=', '2017-04-18 11:14:27.783902')
DEBUG (0.000) SELECT `django_session`.`session_key`, `django_session`.`session_data`, `django_session`.`expire_date` FROM `django_session` WHERE `django_session`.`session_key` = '9b51i4g7ht28w6p3099eobou4et74ugx'; args=('9b51i4g7ht28w6p3099eobou4et74ugx',)
DEBUG (0.002) DELETE FROM `django_session` WHERE `django_session`.`session_key` IN ('9b51i4g7ht28w6p3099eobou4et74ugx'); args=('9b51i4g7ht28w6p3099eobou4et74ugx',)
DEBUG (0.003) UPDATE `auth_user` SET `last_login` = '2017-04-04 11:14:27.900968' WHERE `auth_user`.`id` = 4; args=('2017-04-04 11:14:27.900968', 4)
DEBUG (0.002) UPDATE `django_session` SET `session_data` = 'NjdiYTNiNmRhZDA2MTUyNzU5NDY0NzBhZTk5NmM3YzQyNDI4ZTMzNDp7Il9hdXRoX3VzZXJfaGFzaCI6ImNmZDNmMzU4ZWY1MzEwMzJlZGM3MWU0N2ExNGY2NDM0YzdlMTM0ZTkiLCJfYXV0aF91c2VyX2lkIjoiNCIsImxhc3RfdmlzaXQiOiIyMDE3LTA0LTA0IDExOjEzOjE2Ljk1ODk0OSIsInZpc2l0cyI6NywiX2F1dGhfdXNlcl9iYWNrZW5kIjoiZGphbmdvLmNvbnRyaWIuYXV0aC5iYWNrZW5kcy5Nb2RlbEJhY2tlbmQifQ==', `expire_date` = '2017-04-18 11:14:27.941023' WHERE `django_session`.`session_key` = 'p3jk8t10nkm983nl5917m1n8msgbbbit'; args=('NjdiYTNiNmRhZDA2MTUyNzU5NDY0NzBhZTk5NmM3YzQyNDI4ZTMzNDp7Il9hdXRoX3VzZXJfaGFzaCI6ImNmZDNmMzU4ZWY1MzEwMzJlZGM3MWU0N2ExNGY2NDM0YzdlMTM0ZTkiLCJfYXV0aF91c2VyX2lkIjoiNCIsImxhc3RfdmlzaXQiOiIyMDE3LTA0LTA0IDExOjEzOjE2Ljk1ODk0OSIsInZpc2l0cyI6NywiX2F1dGhfdXNlcl9iYWNrZW5kIjoiZGphbmdvLmNvbnRyaWIuYXV0aC5iYWNrZW5kcy5Nb2RlbEJhY2tlbmQifQ==', '2017-04-18 11:14:27.941023', 'p3jk8t10nkm983nl5917m1n8msgbbbit')
DEBUG (0.000) SELECT @@SQL_AUTO_IS_NULL; args=None
DEBUG (0.000) SELECT VERSION(); args=None
DEBUG (0.001) SELECT `django_session`.`session_key`, `django_session`.`session_data`, `django_session`.`expire_date` FROM `django_session` WHERE (`django_session`.`session_key` = 'p3jk8t10nkm983nl5917m1n8msgbbbit' AND `django_session`.`expire_date` > '2017-04-04 11:14:28.051072'); args=('p3jk8t10nkm983nl5917m1n8msgbbbit', '2017-04-04 11:14:28.051072')
DEBUG (0.002) SELECT `auth_user`.`id`, `auth_user`.`password`, `auth_user`.`last_login`, `auth_user`.`is_superuser`, `auth_user`.`username`, `auth_user`.`first_name`, `auth_user`.`last_name`, `auth_user`.`email`, `auth_user`.`is_staff`, `auth_user`.`is_active`, `auth_user`.`date_joined` FROM `auth_user` WHERE `auth_user`.`id` = 4; args=(4,)
DEBUG (0.000) SELECT `rango_category`.`id`, `rango_category`.`name`, `rango_category`.`views`, `rango_category`.`likes`, `rango_category`.`slug` FROM `rango_category` ORDER BY `rango_category`.`likes` DESC LIMIT 5; args=()
DEBUG (0.001) SELECT `rango_page`.`id`, `rango_page`.`category_id`, `rango_page`.`title`, `rango_page`.`url`, `rango_page`.`views` FROM `rango_page` ORDER BY `rango_page`.`views` DESC LIMIT 5; args=()
DEBUG (0.001) UPDATE `django_session` SET `session_data` = 'YWE4Mzk3M2I0ZmI2NzQ4MzAwY2U5MzU1ZTg4NGQ0NTI3NmM0YmU5Nzp7Il9hdXRoX3VzZXJfaGFzaCI6ImNmZDNmMzU4ZWY1MzEwMzJlZGM3MWU0N2ExNGY2NDM0YzdlMTM0ZTkiLCJfYXV0aF91c2VyX2lkIjoiNCIsImxhc3RfdmlzaXQiOiIyMDE3LTA0LTA0IDExOjE0OjI4LjA1ODA3NyIsInZpc2l0cyI6OCwiX2F1dGhfdXNlcl9iYWNrZW5kIjoiZGphbmdvLmNvbnRyaWIuYXV0aC5iYWNrZW5kcy5Nb2RlbEJhY2tlbmQifQ==', `expire_date` = '2017-04-18 11:14:28.074108' WHERE `django_session`.`session_key` = 'p3jk8t10nkm983nl5917m1n8msgbbbit'; args=('YWE4Mzk3M2I0ZmI2NzQ4MzAwY2U5MzU1ZTg4NGQ0NTI3NmM0YmU5Nzp7Il9hdXRoX3VzZXJfaGFzaCI6ImNmZDNmMzU4ZWY1MzEwMzJlZGM3MWU0N2ExNGY2NDM0YzdlMTM0ZTkiLCJfYXV0aF91c2VyX2lkIjoiNCIsImxhc3RfdmlzaXQiOiIyMDE3LTA0LTA0IDExOjE0OjI4LjA1ODA3NyIsInZpc2l0cyI6OCwiX2F1dGhfdXNlcl9iYWNrZW5kIjoiZGphbmdvLmNvbnRyaWIuYXV0aC5iYWNrZW5kcy5Nb2RlbEJhY2tlbmQifQ==', '2017-04-18 11:14:28.074108', 'p3jk8t10nkm983nl5917m1n8msgbbbit')
DEBUG (0.001) SELECT @@SQL_AUTO_IS_NULL; args=None
DEBUG (0.000) SELECT VERSION(); args=None
DEBUG (0.000) SELECT `django_session`.`session_key`, `django_session`.`session_data`, `django_session`.`expire_date` FROM `django_session` WHERE (`django_session`.`session_key` = 'p3jk8t10nkm983nl5917m1n8msgbbbit' AND `django_session`.`expire_date` > '2017-04-04 11:14:32.874065'); args=('p3jk8t10nkm983nl5917m1n8msgbbbit', '2017-04-04 11:14:32.874065')
DEBUG (0.002) SELECT `auth_user`.`id`, `auth_user`.`password`, `auth_user`.`last_login`, `auth_user`.`is_superuser`, `auth_user`.`username`, `auth_user`.`first_name`, `auth_user`.`last_name`, `auth_user`.`email`, `auth_user`.`is_staff`, `auth_user`.`is_active`, `auth_user`.`date_joined` FROM `auth_user` WHERE `auth_user`.`id` = 4; args=(4,)
DEBUG (0.001) SELECT `rango_category`.`id`, `rango_category`.`name`, `rango_category`.`views`, `rango_category`.`likes`, `rango_category`.`slug` FROM `rango_category` ORDER BY `rango_category`.`likes` DESC LIMIT 5; args=()
DEBUG (0.002) SELECT `rango_page`.`id`, `rango_page`.`category_id`, `rango_page`.`title`, `rango_page`.`url`, `rango_page`.`views` FROM `rango_page` ORDER BY `rango_page`.`views` DESC LIMIT 5; args=()
DEBUG (0.003) UPDATE `django_session` SET `session_data` = 'YWE4Mzk3M2I0ZmI2NzQ4MzAwY2U5MzU1ZTg4NGQ0NTI3NmM0YmU5Nzp7Il9hdXRoX3VzZXJfaGFzaCI6ImNmZDNmMzU4ZWY1MzEwMzJlZGM3MWU0N2ExNGY2NDM0YzdlMTM0ZTkiLCJfYXV0aF91c2VyX2lkIjoiNCIsImxhc3RfdmlzaXQiOiIyMDE3LTA0LTA0IDExOjE0OjI4LjA1ODA3NyIsInZpc2l0cyI6OCwiX2F1dGhfdXNlcl9iYWNrZW5kIjoiZGphbmdvLmNvbnRyaWIuYXV0aC5iYWNrZW5kcy5Nb2RlbEJhY2tlbmQifQ==', `expire_date` = '2017-04-18 11:14:32.899095' WHERE `django_session`.`session_key` = 'p3jk8t10nkm983nl5917m1n8msgbbbit'; args=('YWE4Mzk3M2I0ZmI2NzQ4MzAwY2U5MzU1ZTg4NGQ0NTI3NmM0YmU5Nzp7Il9hdXRoX3VzZXJfaGFzaCI6ImNmZDNmMzU4ZWY1MzEwMzJlZGM3MWU0N2ExNGY2NDM0YzdlMTM0ZTkiLCJfYXV0aF91c2VyX2lkIjoiNCIsImxhc3RfdmlzaXQiOiIyMDE3LTA0LTA0IDExOjE0OjI4LjA1ODA3NyIsInZpc2l0cyI6OCwiX2F1dGhfdXNlcl9iYWNrZW5kIjoiZGphbmdvLmNvbnRyaWIuYXV0aC5iYWNrZW5kcy5Nb2RlbEJhY2tlbmQifQ==', '2017-04-18 11:14:32.899095', 'p3jk8t10nkm983nl5917m1n8msgbbbit')
DEBUG (0.000) SELECT @@SQL_AUTO_IS_NULL; args=None
DEBUG (0.000) SELECT VERSION(); args=None
DEBUG (0.000) SELECT `django_session`.`session_key`, `django_session`.`session_data`, `django_session`.`expire_date` FROM `django_session` WHERE (`django_session`.`session_key` = 'p3jk8t10nkm983nl5917m1n8msgbbbit' AND `django_session`.`expire_date` > '2017-04-04 11:14:33.691884'); args=('p3jk8t10nkm983nl5917m1n8msgbbbit', '2017-04-04 11:14:33.691884')
DEBUG (0.001) SELECT `auth_user`.`id`, `auth_user`.`password`, `auth_user`.`last_login`, `auth_user`.`is_superuser`, `auth_user`.`username`, `auth_user`.`first_name`, `auth_user`.`last_name`, `auth_user`.`email`, `auth_user`.`is_staff`, `auth_user`.`is_active`, `auth_user`.`date_joined` FROM `auth_user` WHERE `auth_user`.`id` = 4; args=(4,)
DEBUG (0.000) SELECT @@SQL_AUTO_IS_NULL; args=None
DEBUG (0.000) SELECT VERSION(); args=None
DEBUG (0.000) SELECT `django_session`.`session_key`, `django_session`.`session_data`, `django_session`.`expire_date` FROM `django_session` WHERE (`django_session`.`session_key` = 'p3jk8t10nkm983nl5917m1n8msgbbbit' AND `django_session`.`expire_date` > '2017-04-04 11:14:37.698295'); args=('p3jk8t10nkm983nl5917m1n8msgbbbit', '2017-04-04 11:14:37.698295')
DEBUG (0.002) SELECT `auth_user`.`id`, `auth_user`.`password`, `auth_user`.`last_login`, `auth_user`.`is_superuser`, `auth_user`.`username`, `auth_user`.`first_name`, `auth_user`.`last_name`, `auth_user`.`email`, `auth_user`.`is_staff`, `auth_user`.`is_active`, `auth_user`.`date_joined` FROM `auth_user` WHERE `auth_user`.`id` = 4; args=(4,)
DEBUG (0.000) SELECT `rango_category`.`id`, `rango_category`.`name`, `rango_category`.`views`, `rango_category`.`likes`, `rango_category`.`slug` FROM `rango_category`; args=()
DEBUG (0.000) SELECT `rango_page`.`id`, `rango_page`.`category_id`, `rango_page`.`title`, `rango_page`.`url`, `rango_page`.`views` FROM `rango_page`; args=()
DEBUG (0.000) SELECT @@SQL_AUTO_IS_NULL; args=None
DEBUG (0.001) SELECT VERSION(); args=None
DEBUG (0.000) SELECT `django_session`.`session_key`, `django_session`.`session_data`, `django_session`.`expire_date` FROM `django_session` WHERE (`django_session`.`session_key` = 'p3jk8t10nkm983nl5917m1n8msgbbbit' AND `django_session`.`expire_date` > '2017-04-04 11:14:41.171055'); args=('p3jk8t10nkm983nl5917m1n8msgbbbit', '2017-04-04 11:14:41.171055')
DEBUG (0.001) SELECT `auth_user`.`id`, `auth_user`.`password`, `auth_user`.`last_login`, `auth_user`.`is_superuser`, `auth_user`.`username`, `auth_user`.`first_name`, `auth_user`.`last_name`, `auth_user`.`email`, `auth_user`.`is_staff`, `auth_user`.`is_active`, `auth_user`.`date_joined` FROM `auth_user` WHERE `auth_user`.`id` = 4; args=(4,)
DEBUG (0.001) SELECT `rango_category`.`id`, `rango_category`.`name`, `rango_category`.`views`, `rango_category`.`likes`, `rango_category`.`slug` FROM `rango_category` ORDER BY `rango_category`.`likes` DESC LIMIT 5; args=()
DEBUG (0.000) SELECT `rango_page`.`id`, `rango_page`.`category_id`, `rango_page`.`title`, `rango_page`.`url`, `rango_page`.`views` FROM `rango_page` ORDER BY `rango_page`.`views` DESC LIMIT 5; args=()
DEBUG (0.021) UPDATE `django_session` SET `session_data` = 'MTc2YTY0Nzg0MmNmNzMyMzU3YzY3NTc4NjYyMDI5OTBkMjRmNGM4ZDp7Il9hdXRoX3VzZXJfaGFzaCI6ImNmZDNmMzU4ZWY1MzEwMzJlZGM3MWU0N2ExNGY2NDM0YzdlMTM0ZTkiLCJfYXV0aF91c2VyX2lkIjoiNCIsImxhc3RfdmlzaXQiOiIyMDE3LTA0LTA0IDExOjE0OjQxLjE3OTA1NyIsInZpc2l0cyI6OSwiX2F1dGhfdXNlcl9iYWNrZW5kIjoiZGphbmdvLmNvbnRyaWIuYXV0aC5iYWNrZW5kcy5Nb2RlbEJhY2tlbmQifQ==', `expire_date` = '2017-04-18 11:14:41.192085' WHERE `django_session`.`session_key` = 'p3jk8t10nkm983nl5917m1n8msgbbbit'; args=('MTc2YTY0Nzg0MmNmNzMyMzU3YzY3NTc4NjYyMDI5OTBkMjRmNGM4ZDp7Il9hdXRoX3VzZXJfaGFzaCI6ImNmZDNmMzU4ZWY1MzEwMzJlZGM3MWU0N2ExNGY2NDM0YzdlMTM0ZTkiLCJfYXV0aF91c2VyX2lkIjoiNCIsImxhc3RfdmlzaXQiOiIyMDE3LTA0LTA0IDExOjE0OjQxLjE3OTA1NyIsInZpc2l0cyI6OSwiX2F1dGhfdXNlcl9iYWNrZW5kIjoiZGphbmdvLmNvbnRyaWIuYXV0aC5iYWNrZW5kcy5Nb2RlbEJhY2tlbmQifQ==', '2017-04-18 11:14:41.192085', 'p3jk8t10nkm983nl5917m1n8msgbbbit')
DEBUG (0.000) SELECT @@SQL_AUTO_IS_NULL; args=None
DEBUG (0.000) SELECT VERSION(); args=None
DEBUG (0.016) SHOW FULL TABLES; args=None
DEBUG (0.000) SELECT `django_migrations`.`app`, `django_migrations`.`name` FROM `django_migrations`; args=()
DEBUG (0.001) SELECT @@SQL_AUTO_IS_NULL; args=None
DEBUG (0.000) SELECT VERSION(); args=None
DEBUG (0.001) SELECT `django_session`.`session_key`, `django_session`.`session_data`, `django_session`.`expire_date` FROM `django_session` WHERE (`django_session`.`expire_date` > '2017-04-04 11:15:58.755799' AND `django_session`.`session_key` = 'p3jk8t10nkm983nl5917m1n8msgbbbit'); args=('2017-04-04 11:15:58.755799', 'p3jk8t10nkm983nl5917m1n8msgbbbit')
DEBUG (0.001) SELECT `auth_user`.`id`, `auth_user`.`password`, `auth_user`.`last_login`, `auth_user`.`is_superuser`, `auth_user`.`username`, `auth_user`.`first_name`, `auth_user`.`last_name`, `auth_user`.`email`, `auth_user`.`is_staff`, `auth_user`.`is_active`, `auth_user`.`date_joined` FROM `auth_user` WHERE `auth_user`.`id` = 4; args=(4,)
DEBUG (0.000) SELECT `rango_category`.`id`, `rango_category`.`name`, `rango_category`.`views`, `rango_category`.`likes`, `rango_category`.`slug` FROM `rango_category` ORDER BY `rango_category`.`likes` DESC LIMIT 5; args=()
DEBUG (0.000) SELECT `rango_page`.`id`, `rango_page`.`category_id`, `rango_page`.`title`, `rango_page`.`url`, `rango_page`.`views` FROM `rango_page` ORDER BY `rango_page`.`views` DESC LIMIT 5; args=()
DEBUG (0.001) UPDATE `django_session` SET `session_data` = 'ZGVlZDYxNmQ3MjIzYTc5OTk1OWRjMzk0MDFmNGUxYjMzNGVmM2Y2ZTp7Il9hdXRoX3VzZXJfaWQiOiI0IiwiX2F1dGhfdXNlcl9iYWNrZW5kIjoiZGphbmdvLmNvbnRyaWIuYXV0aC5iYWNrZW5kcy5Nb2RlbEJhY2tlbmQiLCJfYXV0aF91c2VyX2hhc2giOiJjZmQzZjM1OGVmNTMxMDMyZWRjNzFlNDdhMTRmNjQzNGM3ZTEzNGU5IiwidmlzaXRzIjoxMCwibGFzdF92aXNpdCI6IjIwMTctMDQtMDQgMTE6MTU6NTguNzY3ODA3In0=', `expire_date` = '2017-04-18 11:15:58.802830' WHERE `django_session`.`session_key` = 'p3jk8t10nkm983nl5917m1n8msgbbbit'; args=('ZGVlZDYxNmQ3MjIzYTc5OTk1OWRjMzk0MDFmNGUxYjMzNGVmM2Y2ZTp7Il9hdXRoX3VzZXJfaWQiOiI0IiwiX2F1dGhfdXNlcl9iYWNrZW5kIjoiZGphbmdvLmNvbnRyaWIuYXV0aC5iYWNrZW5kcy5Nb2RlbEJhY2tlbmQiLCJfYXV0aF91c2VyX2hhc2giOiJjZmQzZjM1OGVmNTMxMDMyZWRjNzFlNDdhMTRmNjQzNGM3ZTEzNGU5IiwidmlzaXRzIjoxMCwibGFzdF92aXNpdCI6IjIwMTctMDQtMDQgMTE6MTU6NTguNzY3ODA3In0=', '2017-04-18 11:15:58.802830', 'p3jk8t10nkm983nl5917m1n8msgbbbit')
DEBUG (0.000) SELECT @@SQL_AUTO_IS_NULL; args=None
DEBUG (0.000) SELECT VERSION(); args=None
DEBUG (0.000) SHOW FULL TABLES; args=None
DEBUG (0.000) SELECT `django_migrations`.`app`, `django_migrations`.`name` FROM `django_migrations`; args=()
DEBUG (0.000) SELECT @@SQL_AUTO_IS_NULL; args=None
DEBUG (0.000) SELECT VERSION(); args=None
DEBUG (0.016) SHOW FULL TABLES; args=None
DEBUG (0.000) SELECT `django_migrations`.`app`, `django_migrations`.`name` FROM `django_migrations`; args=()
DEBUG (0.000) SELECT @@SQL_AUTO_IS_NULL; args=None
DEBUG (0.000) SELECT VERSION(); args=None
DEBUG (0.000) SELECT `django_session`.`session_key`, `django_session`.`session_data`, `django_session`.`expire_date` FROM `django_session` WHERE (`django_session`.`session_key` = 'p3jk8t10nkm983nl5917m1n8msgbbbit' AND `django_session`.`expire_date` > '2017-04-04 11:17:01.602769'); args=('p3jk8t10nkm983nl5917m1n8msgbbbit', '2017-04-04 11:17:01.602769')
DEBUG (0.000) SELECT `auth_user`.`id`, `auth_user`.`password`, `auth_user`.`last_login`, `auth_user`.`is_superuser`, `auth_user`.`username`, `auth_user`.`first_name`, `auth_user`.`last_name`, `auth_user`.`email`, `auth_user`.`is_staff`, `auth_user`.`is_active`, `auth_user`.`date_joined` FROM `auth_user` WHERE `auth_user`.`id` = 4; args=(4,)
DEBUG (0.000) SELECT @@SQL_AUTO_IS_NULL; args=None
DEBUG (0.000) SELECT VERSION(); args=None
DEBUG (0.000) SHOW FULL TABLES; args=None
DEBUG (0.000) SELECT `django_migrations`.`app`, `django_migrations`.`name` FROM `django_migrations`; args=()
DEBUG (0.000) SELECT @@SQL_AUTO_IS_NULL; args=None
DEBUG (0.000) SELECT VERSION(); args=None
DEBUG (0.001) SELECT `django_session`.`session_key`, `django_session`.`session_data`, `django_session`.`expire_date` FROM `django_session` WHERE (`django_session`.`session_key` = 'p3jk8t10nkm983nl5917m1n8msgbbbit' AND `django_session`.`expire_date` > '2017-04-04 11:17:31.956185'); args=('p3jk8t10nkm983nl5917m1n8msgbbbit', '2017-04-04 11:17:31.956185')
DEBUG (0.000) SELECT `auth_user`.`id`, `auth_user`.`password`, `auth_user`.`last_login`, `auth_user`.`is_superuser`, `auth_user`.`username`, `auth_user`.`first_name`, `auth_user`.`last_name`, `auth_user`.`email`, `auth_user`.`is_staff`, `auth_user`.`is_active`, `auth_user`.`date_joined` FROM `auth_user` WHERE `auth_user`.`id` = 4; args=(4,)
DEBUG (0.001) SELECT `rango_category`.`id`, `rango_category`.`name`, `rango_category`.`views`, `rango_category`.`likes`, `rango_category`.`slug` FROM `rango_category` ORDER BY `rango_category`.`likes` DESC LIMIT 5; args=()
DEBUG (0.000) SELECT `rango_page`.`id`, `rango_page`.`category_id`, `rango_page`.`title`, `rango_page`.`url`, `rango_page`.`views` FROM `rango_page` ORDER BY `rango_page`.`views` DESC LIMIT 5; args=()
DEBUG (0.000) UPDATE `django_session` SET `session_data` = 'MmE0YTc4NmRhMDc2ODFlNGE4MWYzMmRiOGFjNTRlZGY0N2JjYjE2ZDp7Il9hdXRoX3VzZXJfYmFja2VuZCI6ImRqYW5nby5jb250cmliLmF1dGguYmFja2VuZHMuTW9kZWxCYWNrZW5kIiwiX2F1dGhfdXNlcl9pZCI6IjQiLCJ2aXNpdHMiOjExLCJsYXN0X3Zpc2l0IjoiMjAxNy0wNC0wNCAxMToxNzozMS45NzgyMDMiLCJfYXV0aF91c2VyX2hhc2giOiJjZmQzZjM1OGVmNTMxMDMyZWRjNzFlNDdhMTRmNjQzNGM3ZTEzNGU5In0=', `expire_date` = '2017-04-18 11:17:32.040242' WHERE `django_session`.`session_key` = 'p3jk8t10nkm983nl5917m1n8msgbbbit'; args=('MmE0YTc4NmRhMDc2ODFlNGE4MWYzMmRiOGFjNTRlZGY0N2JjYjE2ZDp7Il9hdXRoX3VzZXJfYmFja2VuZCI6ImRqYW5nby5jb250cmliLmF1dGguYmFja2VuZHMuTW9kZWxCYWNrZW5kIiwiX2F1dGhfdXNlcl9pZCI6IjQiLCJ2aXNpdHMiOjExLCJsYXN0X3Zpc2l0IjoiMjAxNy0wNC0wNCAxMToxNzozMS45NzgyMDMiLCJfYXV0aF91c2VyX2hhc2giOiJjZmQzZjM1OGVmNTMxMDMyZWRjNzFlNDdhMTRmNjQzNGM3ZTEzNGU5In0=', '2017-04-18 11:17:32.040242', 'p3jk8t10nkm983nl5917m1n8msgbbbit')
DEBUG (0.000) SELECT @@SQL_AUTO_IS_NULL; args=None
DEBUG (0.000) SELECT VERSION(); args=None
DEBUG (0.005) SHOW FULL TABLES; args=None
DEBUG (0.001) SELECT `django_migrations`.`app`, `django_migrations`.`name` FROM `django_migrations`; args=()
DEBUG (0.000) SELECT @@SQL_AUTO_IS_NULL; args=None
DEBUG (0.001) SELECT VERSION(); args=None
DEBUG (0.001) SELECT `django_session`.`session_key`, `django_session`.`session_data`, `django_session`.`expire_date` FROM `django_session` WHERE (`django_session`.`expire_date` > '2017-04-04 11:25:39.296692' AND `django_session`.`session_key` = 'p3jk8t10nkm983nl5917m1n8msgbbbit'); args=('2017-04-04 11:25:39.296692', 'p3jk8t10nkm983nl5917m1n8msgbbbit')
DEBUG (0.002) SELECT `auth_user`.`id`, `auth_user`.`password`, `auth_user`.`last_login`, `auth_user`.`is_superuser`, `auth_user`.`username`, `auth_user`.`first_name`, `auth_user`.`last_name`, `auth_user`.`email`, `auth_user`.`is_staff`, `auth_user`.`is_active`, `auth_user`.`date_joined` FROM `auth_user` WHERE `auth_user`.`id` = 4; args=(4,)
DEBUG (0.001) SELECT `rango_category`.`id`, `rango_category`.`name`, `rango_category`.`views`, `rango_category`.`likes`, `rango_category`.`slug` FROM `rango_category` ORDER BY `rango_category`.`likes` DESC LIMIT 5; args=()
DEBUG (0.002) SELECT `rango_page`.`id`, `rango_page`.`category_id`, `rango_page`.`title`, `rango_page`.`url`, `rango_page`.`views` FROM `rango_page` ORDER BY `rango_page`.`views` DESC LIMIT 5; args=()
DEBUG (0.000) UPDATE `django_session` SET `session_data` = 'MmNjY2U4NTE4NjY3NmMwOTI4MTVhMGJlYjgwMWEzMDgwZTQ3MDdhYjp7Il9hdXRoX3VzZXJfaWQiOiI0IiwibGFzdF92aXNpdCI6IjIwMTctMDQtMDQgMTE6MjU6MzkuMzI4NzEzIiwiX2F1dGhfdXNlcl9oYXNoIjoiY2ZkM2YzNThlZjUzMTAzMmVkYzcxZTQ3YTE0ZjY0MzRjN2UxMzRlOSIsInZpc2l0cyI6MTIsIl9hdXRoX3VzZXJfYmFja2VuZCI6ImRqYW5nby5jb250cmliLmF1dGguYmFja2VuZHMuTW9kZWxCYWNrZW5kIn0=', `expire_date` = '2017-04-18 11:25:39.379749' WHERE `django_session`.`session_key` = 'p3jk8t10nkm983nl5917m1n8msgbbbit'; args=('MmNjY2U4NTE4NjY3NmMwOTI4MTVhMGJlYjgwMWEzMDgwZTQ3MDdhYjp7Il9hdXRoX3VzZXJfaWQiOiI0IiwibGFzdF92aXNpdCI6IjIwMTctMDQtMDQgMTE6MjU6MzkuMzI4NzEzIiwiX2F1dGhfdXNlcl9oYXNoIjoiY2ZkM2YzNThlZjUzMTAzMmVkYzcxZTQ3YTE0ZjY0MzRjN2UxMzRlOSIsInZpc2l0cyI6MTIsIl9hdXRoX3VzZXJfYmFja2VuZCI6ImRqYW5nby5jb250cmliLmF1dGguYmFja2VuZHMuTW9kZWxCYWNrZW5kIn0=', '2017-04-18 11:25:39.379749', 'p3jk8t10nkm983nl5917m1n8msgbbbit')
DEBUG (0.000) SELECT @@SQL_AUTO_IS_NULL; args=None
DEBUG (0.000) SELECT VERSION(); args=None
DEBUG (0.016) SHOW FULL TABLES; args=None
DEBUG (0.000) SELECT `django_migrations`.`app`, `django_migrations`.`name` FROM `django_migrations`; args=()
